[debug] [2025-04-30T17:14:19.034Z] ----------------------------------------------------------------------
[debug] [2025-04-30T17:14:19.036Z] Command:       C:\Program Files\nodejs\node.exe C:\Users\welli\AppData\Roaming\npm\node_modules\firebase-tools\lib\bin\firebase.js init
[debug] [2025-04-30T17:14:19.037Z] CLI Version:   12.4.0
[debug] [2025-04-30T17:14:19.037Z] Platform:      win32
[debug] [2025-04-30T17:14:19.037Z] Node Version:  v20.18.2
[debug] [2025-04-30T17:14:19.037Z] Time:          Wed Apr 30 2025 14:14:19 GMT-0300 (Horário Padrão de Brasília)
[debug] [2025-04-30T17:14:19.037Z] ----------------------------------------------------------------------
[debug] 
[debug] [2025-04-30T17:14:19.042Z] > command requires scopes: ["email","openid","https://www.googleapis.com/auth/cloudplatformprojects.readonly","https://www.googleapis.com/auth/firebase","https://www.googleapis.com/auth/cloud-platform"]
[debug] [2025-04-30T17:14:19.043Z] > authorizing via signed-in user (welk1748@gmail.com)
[info] 
     ######## #### ########  ######## ########     ###     ######  ########
     ##        ##  ##     ## ##       ##     ##  ##   ##  ##       ##
     ######    ##  ########  ######   ########  #########  ######  ######
     ##        ##  ##    ##  ##       ##     ## ##     ##       ## ##
     ##       #### ##     ## ######## ########  ##     ##  ######  ########

You're about to initialize a Firebase project in this directory:

  C:\Projects\GameStreamHub

Before we get started, keep in mind:

  * You are currently outside your home directory

